2024-05-09T22:42:27.033624076:Opened filelog cuenta.log
2024-05-09T22:42:27.033744273:Opened filelog cuenta.log
2024-05-09T22:42:27.033817575:Opened filelog cuenta.log
2024-05-09T22:42:27.033879283:Opened filelog cuenta.log
2024-05-09T22:42:27.033942410:Opened filelog cuenta.log
2024-05-09T22:42:27.034003589:Opened filelog cuenta.log
2024-05-09T22:42:27.034077065:Opened filelog cuenta.log
2024-05-09T22:48:46.020057749:Opened filelog cuenta.log
2024-05-09T22:48:46.020433861:Opened filelog cuenta.log
2024-05-09T22:48:46.020726035:Opened filelog cuenta.log
2024-05-09T22:48:46.021478497:Opened filelog cuenta.log
2024-05-09T22:48:46.022353972:Opened filelog cuenta.log
2024-05-09T22:48:46.022499871:Opened filelog cuenta.log
2024-05-09T22:48:46.022716842:Opened filelog cuenta.log
2024-05-09T22:48:51.496804310:UPDATE Cuenta SET saldo = 1158.20 WHERE NIF ='12345678Z';
2024-05-09T22:49:39.398675482:UPDATE Cuenta SET saldo = 1167.20 WHERE NIF ='12345678Z';
2024-05-09T22:49:50.614848518:UPDATE Cuenta SET saldo = 1022.20 WHERE NIF ='12345678Z';
2024-05-09T22:53:22.243781582:Opened filelog cuenta.log
2024-05-09T22:53:22.243872021:Opened filelog cuenta.log
2024-05-09T22:53:22.243945676:Opened filelog cuenta.log
2024-05-09T22:53:22.244021101:Opened filelog cuenta.log
2024-05-09T22:53:22.244093385:Opened filelog cuenta.log
2024-05-09T22:53:22.244163807:Opened filelog cuenta.log
2024-05-09T22:53:22.244256435:Opened filelog cuenta.log
2024-05-09T22:53:29.452018070:UPDATE Cuenta SET saldo = 922.20 WHERE NIF ='12345678Z';
2024-05-09T22:53:37.824692485:UPDATE Cuenta SET saldo = 922.20 WHERE NIF ='12345678Z';
2024-05-09T22:53:43.686091520:UPDATE Cuenta SET saldo = 922.20 WHERE NIF ='12345678Z';
2024-05-09T23:01:54.948720967:Opened filelog cuenta.log
2024-05-09T23:01:54.948807780:Opened filelog cuenta.log
2024-05-09T23:01:54.948874661:Opened filelog cuenta.log
2024-05-09T23:01:54.948939478:Opened filelog cuenta.log
2024-05-09T23:01:54.949008433:Opened filelog cuenta.log
2024-05-09T23:01:54.949077456:Opened filelog cuenta.log
2024-05-09T23:01:54.949177979:Opened filelog cuenta.log
2024-05-09T23:02:08.299384408:UPDATE Cuenta SET saldo = 3311.78 WHERE NIF ='12345678Z';
2024-05-09T23:04:16.968411778:Opened filelog cuenta.log
2024-05-09T23:04:16.968492850:Opened filelog cuenta.log
2024-05-09T23:04:16.968554425:Opened filelog cuenta.log
2024-05-09T23:04:16.968620315:Opened filelog cuenta.log
2024-05-09T23:04:16.968718511:Opened filelog cuenta.log
2024-05-09T23:04:16.968783112:Opened filelog cuenta.log
2024-05-09T23:04:16.968841396:Opened filelog cuenta.log
2024-05-09T23:04:33.727801588:UPDATE Cuenta SET saldo = 3311.78 WHERE NIF ='12345678Z';
2024-05-09T23:10:28.124372029:Opened filelog cuenta.log
2024-05-09T23:10:28.124478896:Opened filelog cuenta.log
2024-05-09T23:10:28.124573955:Opened filelog cuenta.log
2024-05-09T23:10:28.124635284:Opened filelog cuenta.log
2024-05-09T23:10:28.124700654:Opened filelog cuenta.log
2024-05-09T23:10:28.124786898:Opened filelog cuenta.log
2024-05-09T23:10:28.124847860:Opened filelog cuenta.log
2024-05-09T23:10:33.380938027:UPDATE Cuenta SET saldo = 3311.78 WHERE NIF ='12345678Z';
2024-05-09T23:10:45.847158299:UPDATE Cuenta SET saldo = 3209.48 WHERE NIF ='12345678Z';
2024-05-09T23:11:01.941701973:UPDATE Cuenta SET saldo = 3200.00 WHERE NIF ='12345678Z';
2024-05-11T14:56:26.204263858:Opened filelog cuenta.log
2024-05-11T14:56:26.204354403:Opened filelog cuenta.log
2024-05-11T14:56:26.204437430:Opened filelog cuenta.log
2024-05-11T14:56:26.204506061:Opened filelog cuenta.log
2024-05-11T14:56:26.204576182:Opened filelog cuenta.log
2024-05-11T14:56:26.204653399:Opened filelog cuenta.log
2024-05-11T14:56:26.204717744:Opened filelog cuenta.log
2024-05-11T14:56:32.630387629:UPDATE Cuenta SET saldo = 3189.81 WHERE NIF ='12345678Z';
2024-05-11T14:56:45.914729018:UPDATE Cuenta SET saldo = 3100.00 WHERE NIF ='12345678Z';
2024-05-11T14:56:56.130191401:UPDATE Cuenta SET saldo = 3000.00 WHERE NIF ='12345678Z';
2024-05-13T21:29:10.017068355:Opened filelog cuenta.log
2024-05-13T21:29:10.017393618:Opened filelog cuenta.log
2024-05-13T21:29:10.017480304:Opened filelog cuenta.log
2024-05-13T21:29:10.017584049:Opened filelog cuenta.log
2024-05-13T21:29:10.017692050:Opened filelog cuenta.log
2024-05-13T21:29:10.017773128:Opened filelog cuenta.log
2024-05-13T21:29:10.017861197:Opened filelog cuenta.log
2024-05-13T21:29:20.975051717:UPDATE Cuenta SET saldo = 234.88 WHERE NIF ='12345679S';
2024-05-13T21:29:32.562692965:UPDATE Cuenta SET saldo = 224.78 WHERE NIF ='12345679S';
2024-05-13T21:30:05.736010307:UPDATE Cuenta SET saldo = 1909.99 WHERE NIF ='12345679S';
2024-05-13T21:30:44.982204790:UPDATE Cuenta SET saldo = 3356.78 WHERE NIF ='12345678Z';
2024-05-13T21:30:54.806579860:UPDATE Cuenta SET saldo = 3211.78 WHERE NIF ='12345678Z';
2024-05-13T21:31:21.616770729:UPDATE Cuenta SET saldo = 1246.20 WHERE NIF ='12345678Z';
2024-05-14T07:31:27.761266544:Opened filelog cuenta.log
2024-05-14T07:31:27.761397416:Opened filelog cuenta.log
2024-05-14T07:31:27.761483526:Opened filelog cuenta.log
2024-05-14T07:31:27.761559001:Opened filelog cuenta.log
2024-05-14T07:31:27.761638890:Opened filelog cuenta.log
2024-05-14T07:31:27.761697639:Opened filelog cuenta.log
2024-05-14T07:31:27.761764454:Opened filelog cuenta.log
2024-05-14T07:31:39.816587050:UPDATE Cuenta SET saldo = 1899.80 WHERE NIF ='12345679S';
2024-05-14T07:32:00.723711773:UPDATE Cuenta SET saldo = 1800.00 WHERE NIF ='12345679S';
2024-05-14T07:32:18.744153459:UPDATE Cuenta SET saldo = 1500.00 WHERE NIF ='12345679S';
2024-05-14T07:33:01.084398993:UPDATE Cuenta SET saldo = 1400.00 WHERE NIF ='12345679S';
2024-05-14T07:41:04.999270274:UPDATE Cuenta SET saldo = 1300.00 WHERE NIF ='12345679S';
2024-05-14T07:42:44.040787629:UPDATE Cuenta SET saldo = 1200.00 WHERE NIF ='12345678Z';
2024-05-14T07:43:51.604972073:UPDATE Cuenta SET saldo = 90.00 WHERE NIF ='12345680Q';
2024-05-14T07:44:34.870167445:UPDATE Cuenta SET saldo = 99.99 WHERE NIF ='12345681V';
2024-05-14T07:44:41.483643092:UPDATE Cuenta SET saldo = 0.00 WHERE NIF ='12345681V';
2024-05-14T08:20:23.054430172:Opened filelog cuenta.log
2024-05-14T08:20:23.054555994:Opened filelog cuenta.log
2024-05-14T08:20:23.054654011:Opened filelog cuenta.log
2024-05-14T08:20:23.054756568:Opened filelog cuenta.log
2024-05-14T08:20:23.054854067:Opened filelog cuenta.log
2024-05-14T08:20:23.054948830:Opened filelog cuenta.log
2024-05-14T08:20:23.055042753:Opened filelog cuenta.log
2024-05-14T08:20:35.898761582:UPDATE Cuenta SET saldo = 3311.78 WHERE NIF ='12345678Z';
2024-05-14T08:21:51.680988622:UPDATE Cuenta SET saldo = 3211.78 WHERE NIF ='12345678Z';
2024-05-14T08:22:01.533034058:UPDATE Cuenta SET saldo = 3200.00 WHERE NIF ='12345678Z';
2024-05-14T08:22:32.895123048:UPDATE Cuenta SET saldo = 1158.20 WHERE NIF ='12345678Z';
2024-05-14T08:22:40.401798737:UPDATE Cuenta SET saldo = 1058.20 WHERE NIF ='12345678Z';
2024-05-14T08:23:19.282892552:UPDATE Cuenta SET saldo = 958.20 WHERE NIF ='12345678Z';
2024-05-14T08:27:21.122732406:Opened filelog cuenta.log
2024-05-14T08:27:21.122879039:Opened filelog cuenta.log
2024-05-14T08:27:21.123001434:Opened filelog cuenta.log
2024-05-14T08:27:21.123125902:Opened filelog cuenta.log
2024-05-14T08:27:21.123244478:Opened filelog cuenta.log
2024-05-14T08:27:21.123361825:Opened filelog cuenta.log
2024-05-14T08:27:21.123448431:Opened filelog cuenta.log
2024-05-14T08:27:27.396384726:UPDATE Cuenta SET saldo = 948.01 WHERE NIF ='12345678Z';
2024-05-16T08:24:00.583955281:Opened filelog cuenta.log
2024-05-16T08:24:00.584577963:Opened filelog cuenta.log
2024-05-16T08:24:00.584762567:Opened filelog cuenta.log
2024-05-16T08:24:00.584866581:Opened filelog cuenta.log
2024-05-16T08:24:00.584940980:Opened filelog cuenta.log
2024-05-16T08:24:00.585017564:Opened filelog cuenta.log
2024-05-16T08:24:00.585103922:Opened filelog cuenta.log
2024-05-16T08:24:19.518936442:UPDATE Cuenta SET saldo = 848.01 WHERE NIF ='12345678Z';
2024-05-16T08:24:35.526179752:UPDATE Cuenta SET saldo = 848.01 WHERE NIF ='12345678Z';
