2024-05-09T14:46:45.231918436:Opened filelog queries.log
2024-05-09T14:47:23.687937272:Opened filelog queries.log
2024-05-09T14:48:45.542558977:Opened filelog queries.log
2024-05-09T15:26:28.319034625:Opened filelog queries.log
2024-05-09T15:30:10.201439133:Opened filelog queries.log
2024-05-09T15:31:27.571469751:Opened filelog queries.log
2024-05-09T15:31:50.111281952:Opened filelog queries.log
2024-05-09T15:33:34.758457271:Opened filelog queries.log
2024-05-09T15:36:21.704135403:Opened filelog queries.log
2024-05-09T15:39:28.997950598:Opened filelog queries.log
2024-05-09T15:42:04.797372066:Opened filelog queries.log
2024-05-09T15:43:27.505790642:Opened filelog queries.log
2024-05-09T15:47:46.001623253:Opened filelog queries.log
2024-05-09T16:08:46.251417586:Opened filelog queries.log
2024-05-09T16:10:57.862375003:Opened filelog queries.log
2024-05-09T16:11:30.478562545:Opened filelog queries.log
2024-05-09T16:22:20.268304973:Opened filelog queries.log
2024-05-09T16:24:53.271001536:Opened filelog queries.log
2024-05-09T17:43:21.578695995:Opened filelog queries.log
2024-05-09T17:46:26.504141218:Opened filelog queries.log
2024-05-09T21:54:51.512221563:Opened filelog queries.log
2024-05-09T21:55:51.908432920:Opened filelog queries.log
2024-05-09T22:28:39.182510064:Opened filelog queries.log
2024-05-09T22:28:39.480423818:Accesdb.lligtaula(Cliente) ->SELECT * FROM Cliente
2024-05-09T22:28:44.806208816:Accesdb.lligtaula(Cuenta) ->SELECT * FROM Cuenta
2024-05-09T22:28:47.863379291:Accesdb.lligtaula(Factura) ->SELECT * FROM Factura
2024-05-09T22:37:18.595411226:Opened filelog queries.log
2024-05-09T22:37:18.895150985:Accesdb.lligtaula(Cliente) ->SELECT * FROM Cliente
2024-05-09T22:37:41.027448934:Accesdb.lligtaula(Cuenta) ->SELECT * FROM Cuenta
2024-05-09T22:37:44.019642308:Accesdb.lligtaula(Factura) ->SELECT * FROM Factura
2024-05-09T22:42:26.714736813:Opened filelog queries.log
2024-05-09T22:42:26.979641998:Accesdb.lligtaula(Cliente) ->SELECT * FROM Cliente
2024-05-09T22:42:27.033350966:Accesdb.lligtaula(Cuenta) ->SELECT * FROM Cuenta
2024-05-09T22:42:30.335124155:Accesdb.lligtaula(Factura) ->SELECT * FROM Factura
2024-05-09T22:48:45.540427307:Opened filelog queries.log
2024-05-09T22:48:45.949408888:Accesdb.lligtaula(Cliente) ->SELECT * FROM Cliente
2024-05-09T22:48:46.019250506:Accesdb.lligtaula(Cuenta) ->SELECT * FROM Cuenta
2024-05-09T22:48:51.522023299:Accesdb.modifica(UPDATE Cuenta SET saldo = 1158.20 WHERE NIF ='12345678Z';)
2024-05-09T22:49:39.421385227:Accesdb.modifica(UPDATE Cuenta SET saldo = 1167.20 WHERE NIF ='12345678Z';)
2024-05-09T22:49:42.562512048:Accesdb.lligtaula(Factura) ->SELECT * FROM Factura
2024-05-09T22:49:50.638218235:Accesdb.modifica(UPDATE Cuenta SET saldo = 1022.20 WHERE NIF ='12345678Z';)
2024-05-09T22:50:01.144572096:Accesdb.modifica(DELETE FROM Factura WHERE Num_Fra = 1567 ;)
2024-05-09T22:53:21.335890220:Opened filelog queries.log
2024-05-09T22:53:22.146528932:Accesdb.lligtaula(Cliente) ->SELECT * FROM Cliente
2024-05-09T22:53:22.243568458:Accesdb.lligtaula(Cuenta) ->SELECT * FROM Cuenta
2024-05-09T22:53:29.475597013:Accesdb.modifica(UPDATE Cuenta SET saldo = 922.20 WHERE NIF ='12345678Z';)
2024-05-09T22:53:37.842784593:Accesdb.modifica(UPDATE Cuenta SET saldo = 922.20 WHERE NIF ='12345678Z';)
2024-05-09T22:53:43.707243620:Accesdb.modifica(UPDATE Cuenta SET saldo = 922.20 WHERE NIF ='12345678Z';)
2024-05-09T23:01:54.620930283:Opened filelog queries.log
2024-05-09T23:01:54.900860606:Accesdb.lligtaula(Cliente) ->SELECT * FROM Cliente
2024-05-09T23:01:54.948517733:Accesdb.lligtaula(Cuenta) ->SELECT * FROM Cuenta
2024-05-09T23:01:57.791204827:Accesdb.lligtaula(Factura) ->SELECT * FROM Factura
2024-05-09T23:02:08.317454994:Accesdb.modifica(UPDATE Cuenta SET saldo = 3311.78 WHERE NIF ='12345678Z';)
2024-05-09T23:02:11.034308185:Accesdb.modifica(DELETE FROM Factura WHERE Num_Fra = 1567 ;)
2024-05-09T23:04:16.647503971:Opened filelog queries.log
2024-05-09T23:04:16.918582739:Accesdb.lligtaula(Cliente) ->SELECT * FROM Cliente
2024-05-09T23:04:16.968171091:Accesdb.lligtaula(Cuenta) ->SELECT * FROM Cuenta
2024-05-09T23:04:19.621976622:Accesdb.lligtaula(Factura) ->SELECT * FROM Factura
2024-05-09T23:04:33.745402463:Accesdb.modifica(UPDATE Cuenta SET saldo = 3311.78 WHERE NIF ='12345678Z';)
2024-05-09T23:04:36.153528153:Accesdb.modifica(DELETE FROM Factura WHERE Num_Fra = 1567 ;)
2024-05-09T23:10:27.757411853:Opened filelog queries.log
2024-05-09T23:10:28.065945537:Accesdb.lligtaula(Cliente) ->SELECT * FROM Cliente
2024-05-09T23:10:28.124176119:Accesdb.lligtaula(Cuenta) ->SELECT * FROM Cuenta
2024-05-09T23:10:30.402671139:Accesdb.lligtaula(Factura) ->SELECT * FROM Factura
2024-05-09T23:10:33.399441478:Accesdb.modifica(UPDATE Cuenta SET saldo = 3311.78 WHERE NIF ='12345678Z';)
2024-05-09T23:10:34.744581943:Accesdb.modifica(DELETE FROM Factura WHERE Num_Fra = 1567 ;)
2024-05-09T23:10:45.864028287:Accesdb.modifica(UPDATE Cuenta SET saldo = 3209.48 WHERE NIF ='12345678Z';)
2024-05-09T23:11:01.960698988:Accesdb.modifica(UPDATE Cuenta SET saldo = 3200.00 WHERE NIF ='12345678Z';)
2024-05-11T14:56:25.653684991:Opened filelog queries.log
2024-05-11T14:56:26.161765381:Accesdb.lligtaula(Cliente) ->SELECT * FROM Cliente
2024-05-11T14:56:26.204066747:Accesdb.lligtaula(Cuenta) ->SELECT * FROM Cuenta
2024-05-11T14:56:32.672985382:Accesdb.modifica(UPDATE Cuenta SET saldo = 3189.81 WHERE NIF ='12345678Z';)
2024-05-11T14:56:45.937192576:Accesdb.modifica(UPDATE Cuenta SET saldo = 3100.00 WHERE NIF ='12345678Z';)
2024-05-11T14:56:56.154657935:Accesdb.modifica(UPDATE Cuenta SET saldo = 3000.00 WHERE NIF ='12345678Z';)
2024-05-11T14:56:58.414615956:Accesdb.lligtaula(Factura) ->SELECT * FROM Factura
2024-05-13T21:26:09.717113122:Opened filelog queries.log
2024-05-13T21:26:10.059685238:Accesdb.lligtaula(Cliente) ->SELECT * FROM Cliente
2024-05-13T21:29:10.016824662:Accesdb.lligtaula(Cuenta) ->SELECT * FROM Cuenta
2024-05-13T21:29:20.998203955:Accesdb.modifica(UPDATE Cuenta SET saldo = 234.88 WHERE NIF ='12345679S';)
2024-05-13T21:29:32.583782763:Accesdb.modifica(UPDATE Cuenta SET saldo = 224.78 WHERE NIF ='12345679S';)
2024-05-13T21:29:45.207931268:Accesdb.lligtaula(Factura) ->SELECT * FROM Factura
2024-05-13T21:30:05.753214823:Accesdb.modifica(UPDATE Cuenta SET saldo = 1909.99 WHERE NIF ='12345679S';)
2024-05-13T21:30:08.959899822:Accesdb.modifica(DELETE FROM Factura WHERE Num_Fra = 1570 ;)
2024-05-13T21:30:45.002024353:Accesdb.modifica(UPDATE Cuenta SET saldo = 3356.78 WHERE NIF ='12345678Z';)
2024-05-13T21:30:54.822769681:Accesdb.modifica(UPDATE Cuenta SET saldo = 3211.78 WHERE NIF ='12345678Z';)
2024-05-13T21:30:57.052622027:Accesdb.modifica(DELETE FROM Factura WHERE Num_Fra = 1567 ;)
2024-05-13T21:31:21.640268802:Accesdb.modifica(UPDATE Cuenta SET saldo = 1246.20 WHERE NIF ='12345678Z';)
2024-05-14T07:30:56.664370780:Opened filelog queries.log
2024-05-14T07:30:56.985470114:Accesdb.lligtaula(Cliente) ->SELECT * FROM Cliente
2024-05-14T07:31:27.761093402:Accesdb.lligtaula(Cuenta) ->SELECT * FROM Cuenta
2024-05-14T07:31:39.839350375:Accesdb.modifica(UPDATE Cuenta SET saldo = 1899.80 WHERE NIF ='12345679S';)
2024-05-14T07:32:00.755089262:Accesdb.modifica(UPDATE Cuenta SET saldo = 1800.00 WHERE NIF ='12345679S';)
2024-05-14T07:32:09.833604118:Accesdb.lligtaula(Factura) ->SELECT * FROM Factura
2024-05-14T07:32:18.768913840:Accesdb.modifica(UPDATE Cuenta SET saldo = 1500.00 WHERE NIF ='12345679S';)
2024-05-14T07:32:20.360371544:Accesdb.modifica(DELETE FROM Factura WHERE Num_Fra = 1569 ;)
2024-05-14T07:33:01.102309226:Accesdb.modifica(UPDATE Cuenta SET saldo = 1400.00 WHERE NIF ='12345679S';)
2024-05-14T07:41:05.014625675:Accesdb.modifica(UPDATE Cuenta SET saldo = 1300.00 WHERE NIF ='12345679S';)
2024-05-14T07:42:44.058677195:Accesdb.modifica(UPDATE Cuenta SET saldo = 1200.00 WHERE NIF ='12345678Z';)
2024-05-14T07:43:51.630925825:Accesdb.modifica(UPDATE Cuenta SET saldo = 90.00 WHERE NIF ='12345680Q';)
2024-05-14T07:44:34.889926269:Accesdb.modifica(UPDATE Cuenta SET saldo = 99.99 WHERE NIF ='12345681V';)
2024-05-14T07:44:41.505477804:Accesdb.modifica(UPDATE Cuenta SET saldo = 0.00 WHERE NIF ='12345681V';)
2024-05-14T07:45:04.948279167:Accesdb.modifica(DELETE FROM Factura WHERE Num_Fra = 1568 ;)
2024-05-14T08:20:22.731650464:Opened filelog queries.log
2024-05-14T08:20:22.998294910:Accesdb.lligtaula(Cliente) ->SELECT * FROM Cliente
2024-05-14T08:20:23.054151072:Accesdb.lligtaula(Cuenta) ->SELECT * FROM Cuenta
2024-05-14T08:20:30.586480534:Accesdb.lligtaula(Factura) ->SELECT * FROM Factura
2024-05-14T08:20:35.917633760:Accesdb.modifica(UPDATE Cuenta SET saldo = 3311.78 WHERE NIF ='12345678Z';)
2024-05-14T08:20:37.393969428:Accesdb.modifica(DELETE FROM Factura WHERE Num_Fra = 1567 ;)
2024-05-14T08:21:51.702482549:Accesdb.modifica(UPDATE Cuenta SET saldo = 3211.78 WHERE NIF ='12345678Z';)
2024-05-14T08:22:01.551421341:Accesdb.modifica(UPDATE Cuenta SET saldo = 3200.00 WHERE NIF ='12345678Z';)
2024-05-14T08:22:32.913063169:Accesdb.modifica(UPDATE Cuenta SET saldo = 1158.20 WHERE NIF ='12345678Z';)
2024-05-14T08:22:40.423512574:Accesdb.modifica(UPDATE Cuenta SET saldo = 1058.20 WHERE NIF ='12345678Z';)
2024-05-14T08:23:19.301545183:Accesdb.modifica(UPDATE Cuenta SET saldo = 958.20 WHERE NIF ='12345678Z';)
2024-05-14T08:27:20.766738889:Opened filelog queries.log
2024-05-14T08:27:21.059328370:Accesdb.lligtaula(Cliente) ->SELECT * FROM Cliente
2024-05-14T08:27:21.122481438:Accesdb.lligtaula(Cuenta) ->SELECT * FROM Cuenta
2024-05-14T08:27:27.415809504:Accesdb.modifica(UPDATE Cuenta SET saldo = 948.01 WHERE NIF ='12345678Z';)
2024-05-14T08:27:29.396521313:Accesdb.lligtaula(Factura) ->SELECT * FROM Factura
2024-05-16T08:24:00.239546375:Opened filelog queries.log
2024-05-16T08:24:00.534850137:Accesdb.lligtaula(Cliente) ->SELECT * FROM Cliente
2024-05-16T08:24:00.583071802:Accesdb.lligtaula(Cuenta) ->SELECT * FROM Cuenta
2024-05-16T08:24:10.911944328:Accesdb.lligtaula(Factura) ->SELECT * FROM Factura
2024-05-16T08:24:19.540616693:Accesdb.modifica(UPDATE Cuenta SET saldo = 848.01 WHERE NIF ='12345678Z';)
2024-05-16T08:24:35.551930530:Accesdb.modifica(UPDATE Cuenta SET saldo = 848.01 WHERE NIF ='12345678Z';)
